   1              	 .syntax unified
   2              	 .cpu cortex-m4
   3              	 .eabi_attribute 27,3
   4              	 .fpu fpv4-sp-d16
   5              	 .eabi_attribute 20,1
   6              	 .eabi_attribute 21,1
   7              	 .eabi_attribute 23,3
   8              	 .eabi_attribute 24,1
   9              	 .eabi_attribute 25,1
  10              	 .eabi_attribute 26,1
  11              	 .eabi_attribute 30,6
  12              	 .eabi_attribute 34,1
  13              	 .eabi_attribute 18,4
  14              	 .thumb
  15              	 .file "pin_interrupt_conf.c"
  16              	 .text
  17              	.Ltext0:
  18              	 .cfi_sections .debug_frame
  19              	 .global LICHTSCHRANKE_INPUT_PIN
  20              	 .section .rodata.LICHTSCHRANKE_INPUT_PIN,"a",%progbits
  21              	 .align 2
  24              	LICHTSCHRANKE_INPUT_PIN:
  25 0000 00480050 	 .word 1342195712
  26 0004 00800248 	 .word 1208123392
  27 0008 00       	 .byte 0
  28 0009 00000000 	 .space 11
  28      00000000 
  28      000000
  29 0014 02       	 .byte 2
  30 0015 000000   	 .space 3
  31 0018 35       	 .byte 53
  32 0019 00       	 .byte 0
  33 001a 0000     	 .space 2
  34 001c 04       	 .byte 4
  35 001d 3F       	 .byte 63
  36 001e 00       	 .byte 0
  37 001f 03       	 .byte 3
  38 0020 03       	 .byte 3
  39 0021 0B       	 .byte 11
  40 0022 01       	 .byte 1
  41 0023 00       	 .space 1
  42              	 .text
  43              	.Letext0:
  44              	 .file 1 "c:\\infineon\\tools\\dave ide\\4.5.0.202105191637\\eclipse\\arm-gcc-49\\arm-none-eabi\\include\\machine\\_default_types.h"
  45              	 .file 2 "c:\\infineon\\tools\\dave ide\\4.5.0.202105191637\\eclipse\\arm-gcc-49\\arm-none-eabi\\include\\stdint.h"
  46              	 .file 3 "C:/daveProjects/autoomes-fahren-und-intelligente-sensoren/xmc_Antrieb_lenkung/Libraries/CMSIS/Infineon/XMC4700_series/Include/XMC4700.h"
  47              	 .file 4 "C:/daveProjects/autoomes-fahren-und-intelligente-sensoren/xmc_Antrieb_lenkung/Libraries/XMCLib/inc/xmc_gpio.h"
  48              	 .file 5 "C:/daveProjects/autoomes-fahren-und-intelligente-sensoren/xmc_Antrieb_lenkung/Libraries/XMCLib/inc/xmc4_gpio.h"
  49              	 .file 6 "C:/daveProjects/autoomes-fahren-und-intelligente-sensoren/xmc_Antrieb_lenkung/Libraries/XMCLib/inc/xmc_eru.h"
  50              	 .file 7 "../Dave/Generated/PIN_INTERRUPT/pin_interrupt.h"
  51              	 .file 8 "C:/daveProjects/autoomes-fahren-und-intelligente-sensoren/xmc_Antrieb_lenkung/Libraries/CMSIS/Include/cmsis_gcc.h"
  52              	 .file 9 "C:/daveProjects/autoomes-fahren-und-intelligente-sensoren/xmc_Antrieb_lenkung/Libraries/CMSIS/Include/core_cm4.h"
  53              	 .file 10 "C:/daveProjects/autoomes-fahren-und-intelligente-sensoren/xmc_Antrieb_lenkung/Libraries/CMSIS/Infineon/XMC4700_series/Include/system_XMC4700.h"
  54              	 .file 11 "../Dave/Generated/PIN_INTERRUPT/pin_interrupt_conf.c"
DEFINED SYMBOLS
                            *ABS*:00000000 pin_interrupt_conf.c
    {standard input}:24     .rodata.LICHTSCHRANKE_INPUT_PIN:00000000 LICHTSCHRANKE_INPUT_PIN
    {standard input}:21     .rodata.LICHTSCHRANKE_INPUT_PIN:00000000 $d

NO UNDEFINED SYMBOLS
